46 57
33 49
38 89
1 8 0 8
1 30 2 30 2 31 3 31 3 32 4 32 4 33 5 33 5 34 6 34 6 35 7 35 7 36 8 36 8 37 9 37 9 38 10 38 10 39 11 39 11 40 12 40 12 41 13 41 13 42 14 42 14 43 15 43 15 44 16 44 16 45 17 45 17 46 18 46 18 47 19 47 20 47 20 48 21 48 21 49 22 49
24 96
14 38 14 39 14 40 14 41 15 41 15 42 15 43 15 44 15 45 15 46 15 47 16 47 16 48 16 49
7 61
1 53
19 58
40 6 40 7 41 7 41 8 41 9 42 9 42 10 42 11 43 11 43 12 43 13 44 13 44 14 44 15 45 15 45 16 45 17 46 17 46 18 47 18 47 19 47 20 48 20 48 21 48 22 49 22 49 23 49 24 50 24 50 25 50 26 51 26 51 27 51 28 52 28 52 29 52 30 53 30 53 31 53 32 54 32 54 33 54 34 55 34 55 35 55 36 56 36 56 37 56 38 57 38 57 39 58 39 58 40 58 41 59 41 59 42 59 43 60 43 60 44 60 45 61 45 61 46 61 47 62 47 62 48 62 49 63 49
10 21 10 22 9 22 9 23 8 23 8 24 7 24 7 25 7 26 6 26 6 27 5 27 5 28 4 28 4 29 4 30 3 30 3 31 2 31 2 32 1 32 1 33 1 34 0 34 0 35
15 20 15 21 16 21 16 22 16 23 16 24 17 24 17 25 17 26 17 27 18 27 18 28 18 29 18 30 19 30 19 31 19 32 19 33 20 33 20 34 20 35 20 36 21 36 21 37 21 38 21 39 22 39 22 40 22 41 23 41 23 42 23 43 23 44 24 44 24 45 24 46 24 47 25 47 25 48 25 49
35 73
2 69
43 22 42 22 42 23 41 23 40 23 40 24 39 24 38 24 38 25 37 25 36 25 36 26 35 26 34 26 34 27 33 27 33 28 32 28 31 28 31 29 30 29 29 29 29 30 28 30 27 30 27 31 26 31 25 31 25 32 24 32 23 32 23 33 22 33 21 33 21 34 20 34 19 34 19 35 18 35 17 35 17 36 16 36 16 37 15 37 14 37 14 38 13 38 12 38 12 39 11 39 10 39 10 40 9 40 8 40 8 41 7 41 6 41 6 42 5 42 4 42 4 43 3 43 2 43 2 44 1 44 0 44 0 45
0 98
19 52
48 62
7 68
