245 366
147 172
193 472
434 428
12 414
164 15
11 118
248 171
133 315
331 374
468 127
85 337
184 288
233 455
300 122
479 473
455 433
157 346
406 368
371 229
337 22
302 187
49 353
490 153
428 221
425 408
87 433
388 99
77 386
389 482
213 64
384 144
112 298
110 485
218 155
354 287
413 185
105 223
384 287
469 272
304 213
361 198
283 385
88 163
412 331
340 69
108 95
19 482
335 476
60 243
405 49
67 305
214 377
257 78
173 169
47 140
334 153
166 415
444 274
123 22
45 176
191 179
424 253
19 279
262 286
490 367
317 75
461 367
40 27
164 84
476 369
288 417
273 322
197 261
280 258
76 39
61 97
95 255
378 333
280 229
441 103
308 452
134 55
400 399
362 425
405 352
33 404
121 170
96 463
489 275
326 319
16 41
424 37
462 23
266 40
170 377
462 457
222 247
263 133
38 212
