466 21
324 428
451 386
266 273
431 306
172 104
5 410
389 68
107 36
272 477
127 431
481 11
334 248
240 471
290 297
100 121
422 358
27 335
232 410
66 289
58 488
366 469
165 248
118 181
76 272
442 404
289 86
225 186
344 148
387 143
167 54
283 460
468 341
479 284
431 148
265 466
70 379
442 355
4 86
100 29
338 271
85 117
262 214
313 462
430 365
493 337
433 174
188 368
445 165
392 396
354 57
73 119
273 472
257 105
230 175
150 367
141 147
120 274
450 183
92 268
478 109
30 267
32 104
35 399
147 447
56 323
373 79
219 285
491 261
76 236
68 413
106 475
424 342
109 364
93 204
130 76
302 404
312 425
241 343
396 246
162 435
234 332
218 350
309 296
96 307
172 148
472 185
224 67
291 463
47 227
429 397
462 168
49 331
414 273
322 295
284 442
95 346
459 376
237 236
107 6
478 435
309 273
29 17
281 307
456 425
496 284
437 438
119 120
340 316
367 333
133 46
286 360
364 449
195 172
448 348
278 203
39 475
355 14
139 267
377 53
366 172
347 175
416 351
399 458
315 334
438 122
66 397
61 5
200 345
301 153
127 160
250 42
159 199
269 214
495 245
459 305
36 201
247 375
462 358
49 436
391 176
75 165
170 183
2 19
467 289
39 176
232 150
33 325
98 151
35 248
316 73
288 193
200 269
128 200
222 245
375 439
103 97
471 241
43 98
392 47
377 361
312 136
349 338
333 54
418 404
71 55
29 67
448 468
191 13
357 202
152 94
420 5
453 479
174 272
104 250
60 376
125 88
91 398
241 419
337 184
15 67
184 214
346 402
17 218
4 336
216 70
100 395
411 437
484 172
158 76
375 231
225 401
414 152
4 355
352 471
409 39
50 347
92 187
44 128
15 239
145 193
459 249
461 416
374 160
482 210
427 165
56 313
301 339
286 155
282 285
164 154
385 265
60 256
234 225
405 168
119 9
123 409
311 200
110 337
490 105
310 149
17 206
406 49
149 258
403 379
301 476
487 473
490 490
118 402
426 372
24 244
269 246
454 406
301 488
271 134
112 133
2 179
350 434
472 204
183 461
94 428
274 58
60 176
28 142
349 348
435 213
399 158
191 390
205 330
257 453
369 384
4 204
94 66
171 83
248 387
357 120
177 24
107 171
263 359
251 344
116 350
343 89
69 71
324 250
3 314
249 124
249 233
82 53
153 166
253 192
90 128
366 207
39 339
373 140
86 326
373 302
157 373
103 51
197 373
349 310
401 123
97 140
161 265
179 282
170 478
445 47
425 203
301 360
134 449
56 303
251 480
183 200
415 178
149 389
138 493
18 127
377 380
273 190
470 319
280 40
461 481
405 226
489 121
349 72
410 113
289 423
396 95
171 318
349 420
206 396
485 440
338 33
488 302
294 250
72 89
477 379
388 119
155 195
486 292
148 51
311 473
255 258
190 290
466 406
62 355
126 216
460 148
135 19
334 141
393 135
114 391
82 215
129 3
325 158
460 72
303 431
59 446
259 304
125 41
413 450
44 376
71 281
91 462
363 265
331 347
84 476
325 139
224 259
386 366
427 336
132 329
417 388
84 438
117 242
15 363
233 161
142 135
73 19
362 368
286 98
318 315
423 87
431 10
275 271
149 469
356 242
365 323
400 264
12 275
86 451
331 194
78 104
34 193
492 373
268 292
183 322
353 106
492 28
287 224
202 417
416 34
268 486
334 484
473 86
248 187
236 438
300 187
492 428
255 399
414 461
461 444
431 229
436 485
241 79
6 240
323 55
491 227
391 480
445 395
20 115
72 492
120 297
95 495
327 323
349 194
80 139
314 163
11 361
94 248
68 34
210 215
199 57
395 411
16 334
239 448
124 140
283 108
150 431
311 171
331 94
320 230
181 360
286 393
119 446
69 309
396 422
88 379
336 363
126 381
260 156
81 36
439 425
309 14
357 4
330 106
302 219
41 162
20 480
298 456
223 420
495 166
482 231
342 453
368 310
187 3
109 435
171 384
93 168
408 331
354 357
214 163
337 67
4 436
255 199
458 435
284 264
132 70
81 27
201 33
361 94
340 127
213 27
428 456
127 237
279 217
29 315
41 142
87 7
45 294
146 362
462 46
156 19
112 61
251 177
270 3
61 464
471 398
105 159
249 103
266 175
95 11
315 34
458 226
319 404
151 244
317 454
360 34
399 342
377 339
48 207
372 119
439 81
287 182
483 340
277 178
405 394
481 150
118 255
192 95
461 321
398 278
300 313
227 100
484 132
355 168
157 53
243 18
302 53
184 104
360 285
386 301
361 142
35 361
226 291
98 404
96 386
248 58
26 453
296 77
241 367
280 249
451 193
179 430
256 250
237 492
495 403
108 19
211 151
248 294
265 34
133 253
295 376
320 239
459 344
336 338
124 280
431 57
348 118
294 143
85 336
11 385
104 325
207 431
393 349
478 312
486 406
144 353
223 217
193 268
236 248
92 417
404 310
89 365
493 211
23 421
266 49
212 100
281 340
168 206
161 123
340 440
47 186
117 360
356 275
32 444
266 124
404 295
474 483
389 276
283 66
235 88
49 57
249 29
214 371
399 473
323 6
432 267
24 362
370 416
319 308
397 328
141 118
176 299
343 244
249 422
302 329
266 377
73 389
185 473
353 229
16 102
68 324
492 139
168 167
20 383
380 470
68 214
364 219
446 236
232 133
374 104
376 494
71 5
342 299
15 189
323 381
102 295
294 132
413 98
494 462
143 404
58 47
168 340
288 31
120 485
486 77
195 140
140 289
105 272
402 236
466 33
141 340
436 321
483 54
137 177
267 106
204 484
61 135
460 452
144 297
107 451
328 24
310 210
261 238
187 263
239 456
122 19
148 230
135 61
441 415
236 296
473 251
308 122
373 42
432 20
271 328
418 240
21 40
66 344
279 116
428 130
419 293
293 205
428 328
227 324
8 20
17 460
127 289
288 53
19 58
373 181
75 323
212 175
79 12
332 287
433 259
407 258
342 493
272 11
495 423
165 277
122 375
324 373
450 312
247 167
318 491
19 179
89 49
458 104
273 440
30 379
139 396
125 262
16 318
25 350
97 214
143 463
187 446
17 16
443 296
449 335
129 122
402 82
494 314
265 164
252 84
412 422
81 244
122 193
299 293
412 472
418 223
142 13
138 93
254 138
274 351
49 84
451 155
339 468
83 159
109 487
99 319
102 77
14 79
37 50
241 4
210 231
3 126
8 151
38 18
414 284
179 140
193 227
482 269
271 455
226 490
382 150
199 296
91 292
437 275
365 404
412 65
291 495
339 262
448 93
174 175
437 244
376 193
213 11
192 309
442 27
301 235
6 51
256 322
484 64
132 26
3 283
216 487
437 463
108 138
177 244
35 40
231 467
75 192
472 154
358 24
383 220
382 94
179 39
169 233
210 121
85 82
115 41
419 142
31 214
353 292
154 299
481 401
442 446
85 195
210 195
216 50
294 435
130 461
242 69
382 167
155 37
80 358
386 245
158 489
308 256
66 263
391 210
93 235
391 195
212 458
13 165
249 148
56 219
394 320
149 63
54 410
485 249
452 371
178 399
65 146
320 196
407 210
114 107
380 15
51 6
249 491
248 262
264 94
221 388
269 415
366 357
278 317
5 477
351 80
397 483
482 184
327 328
370 281
171 416
23 157
316 343
270 493
412 372
61 335
258 274
138 313
49 275
35 78
11 398
236 62
83 345
379 66
158 323
231 49
444 65
248 276
350 47
58 248
485 388
451 493
200 247
275 380
273 425
309 284
396 290
216 436
274 161
290 484
365 486
128 55
198 188
273 78
125 450
306 82
12 35
321 361
158 110
42 355
211 449
477 424
63 195
311 49
123 337
97 106
61 364
53 22
240 267
60 294
457 139
166 4
13 309
438 284
332 388
476 463
182 128
325 114
259 18
144 421
321 220
49 113
150 7
207 88
190 412
443 366
338 294
22 407
109 222
138 228
196 483
396 359
320 178
455 206
189 21
142 163
457 118
421 248
203 45
184 58
376 242
464 123
99 371
250 221
413 194
410 74
378 275
218 273
280 15
143 33
257 433
469 271
52 69
291 18
487 449
293 119
362 257
281 139
324 449
24 429
299 393
301 170
210 282
58 29
165 431
358 387
149 316
454 215
480 350
58 239
199 86
325 273
201 152
333 396
185 75
260 60
117 425
429 488
263 79
159 286
138 415
422 494
411 430
355 151
193 196
435 383
43 314
151 266
29 291
383 315
105 191
337 155
283 333
119 160
272 400
100 313
287 168
18 288
221 314
61 96
415 486
106 88
